<?xml version="1.0" encoding="UTF-8"?>
<!-- Generated by org.testng.reporters.JUnitReportReporter -->
<testsuite hostname="SQE" name="Reusable.testuplod" tests="1" failures="0" timestamp="9 Jan 2017 12:27:06 GMT" time="88.469" errors="0">
  <testcase name="testUpload" time="88.469" classname="Reusable.testuplod"/>
</testsuite> <!-- Reusable.testuplod -->
