<?xml version="1.0" encoding="UTF-8"?>
<!-- Generated by org.testng.reporters.JUnitReportReporter -->
<testsuite hostname="SQE" name="Reusable.UploadFileRobot" tests="1" failures="0" timestamp="9 Jan 2017 10:21:46 GMT" time="49.158" errors="0">
  <testcase name="testUpload" time="49.158" classname="Reusable.UploadFileRobot"/>
</testsuite> <!-- Reusable.UploadFileRobot -->
