<?xml version="1.0" encoding="UTF-8"?>
<!-- Generated by org.testng.reporters.JUnitReportReporter -->
<testsuite hostname="SQE" name="foodniche_project.Signin_and_forgot_password" tests="3" failures="0" timestamp="12 Jan 2017 11:29:52 GMT" time="86.729" errors="0">
  <testcase name="Facebook_Signin" time="19.968" classname="foodniche_project.Signin_and_forgot_password"/>
  <testcase name="Logout" time="46.669" classname="foodniche_project.Signin_and_forgot_password"/>
  <testcase name="Restoring_password" time="20.092" classname="foodniche_project.Signin_and_forgot_password"/>
</testsuite> <!-- foodniche_project.Signin_and_forgot_password -->
